<?xml version="1.0" encoding="UTF-8"?>
<testsuite xmlns:xsi="http://www.w3.org/2001/XMLSchema-instance" xsi:noNamespaceSchemaLocation="https://maven.apache.org/surefire/maven-surefire-plugin/xsd/surefire-test-report.xsd" name="ca.carleton.comp.Part1Test" time="0.075" tests="26" errors="0" skipped="0" failures="0">
  <properties>
[...]
</properties>
  <testcase name="score48Test" classname="ca.carleton.comp.Part1Test" time="0.004"/>
  <testcase name="score49Test" classname="ca.carleton.comp.Part1Test" time="0"/>
  <testcase name="score50Test" classname="ca.carleton.comp.Part1Test" time="0.001"/>
  <testcase name="score51Test" classname="ca.carleton.comp.Part1Test" time="0.001"/>
  <testcase name="score53Test" classname="ca.carleton.comp.Part1Test" time="0.001"/>
  <testcase name="score54Test" classname="ca.carleton.comp.Part1Test" time="0"/>
  <testcase name="score55Test" classname="ca.carleton.comp.Part1Test" time="0"/>
  <testcase name="score56Test" classname="ca.carleton.comp.Part1Test" time="0"/>
  <testcase name="score57Test" classname="ca.carleton.comp.Part1Test" time="0.001"/>
  <testcase name="score58Test" classname="ca.carleton.comp.Part1Test" time="0.001"/>
  <testcase name="score59Test" classname="ca.carleton.comp.Part1Test" time="0.001"/>
  <testcase name="score60Test" classname="ca.carleton.comp.Part1Test" time="0"/>
  <testcase name="score61Test" classname="ca.carleton.comp.Part1Test" time="0"/>
  <testcase name="score62Test" classname="ca.carleton.comp.Part1Test" time="0"/>
  <testcase name="score63Test" classname="ca.carleton.comp.Part1Test" time="0"/>
  <testcase name="score64Test" classname="ca.carleton.comp.Part1Test" time="0.002"/>
  <testcase name="score65Test" classname="ca.carleton.comp.Part1Test" time="0.001"/>
  <testcase name="score66Test" classname="ca.carleton.comp.Part1Test" time="0.001"/>
  <testcase name="score67Test" classname="ca.carleton.comp.Part1Test" time="0.001"/>
  <testcase name="score68Test" classname="ca.carleton.comp.Part1Test" time="0.001"/>
  <testcase name="score69Test" classname="ca.carleton.comp.Part1Test" time="0.001"/>
  <testcase name="score70Test" classname="ca.carleton.comp.Part1Test" time="0.001"/>
  <testcase name="score71Test" classname="ca.carleton.comp.Part1Test" time="0"/>
  <testcase name="score72Test" classname="ca.carleton.comp.Part1Test" time="0"/>
  <testcase name="score73Test" classname="ca.carleton.comp.Part1Test" time="0.001"/>
  <testcase name="score75Test" classname="ca.carleton.comp.Part1Test" time="0"/>
</testsuite>